2025-02-24 17:41:08,888 - computer: Apple M1 Pro, cpu: 8memory: 16.0 GB, system: darwin
description: This module build gurobi model for each uncertainty realization.
____________________
results:
cpu_time: 13.72
objective value: 109.83
Q_0: 13.00
____________________
sddp parameters:
sample numbers: [10, 10, 10, 10]
scenario_forward_num: 10
iter_num: 30
____________________
problem parameters:
ini_I: 0
T: 4
distribution: poisson
mean_demands: [10, 20, 10, 20]
unit_vari_costs: [1, 1, 1, 1]
unit_back_costs: [10, 10, 10, 10]
unit_hold_costs: [2, 2, 2, 2]


2025-02-24 23:55:15,248 - computer: Apple M1 Pro, cpu: 8memory: 16.0 GB, system: darwin
description: This module build gurobi model for each uncertainty realization.
____________________
results:
cpu_time: 13.18
objective value: 112.16
Q_0: 14.00
____________________
sddp parameters:
sample numbers: [10, 10, 10, 10]
scenario_forward_num: 10
iter_num: 30
____________________
problem parameters:
ini_I: 0
T: 4
distribution: poisson
mean_demands: [10, 20, 10, 20]
unit_vari_costs: [1, 1, 1, 1]
unit_back_costs: [10, 10, 10, 10]
unit_hold_costs: [2, 2, 2, 2]


2025-02-24 23:56:19,332 - computer: Apple M1 Pro, cpu: 8memory: 16.0 GB, system: darwin
description: This module build gurobi model for each uncertainty realization.
____________________
results:
cpu_time: 30.67
objective value: 199.10
Q_0: 13.00
____________________
sddp parameters:
sample numbers: [10, 10, 10, 10, 10, 10, 10, 10]
scenario_forward_num: 10
iter_num: 30
____________________
problem parameters:
ini_I: 0
T: 8
distribution: poisson
mean_demands: [10, 20, 10, 20, 10, 20, 10, 20]
unit_vari_costs: [1, 1, 1, 1, 1, 1, 1, 1]
unit_back_costs: [10, 10, 10, 10, 10, 10, 10, 10]
unit_hold_costs: [2, 2, 2, 2, 2, 2, 2, 2]


2025-02-24 23:57:05,140 - computer: Apple M1 Pro, cpu: 8memory: 16.0 GB, system: darwin
description: This module build gurobi model for each uncertainty realization.
____________________
results:
cpu_time: 31.11
objective value: 208.89
Q_0: 13.00
____________________
sddp parameters:
sample numbers: [10, 10, 10, 10, 10, 10, 10, 10]
scenario_forward_num: 10
iter_num: 30
____________________
problem parameters:
ini_I: 0
T: 8
distribution: poisson
mean_demands: [10, 20, 10, 20, 10, 20, 10, 20]
unit_vari_costs: [1, 1, 1, 1, 1, 1, 1, 1]
unit_back_costs: [10, 10, 10, 10, 10, 10, 10, 10]
unit_hold_costs: [2, 2, 2, 2, 2, 2, 2, 2]


2025-02-25 00:00:14,219 - computer: Apple M1 Pro, cpu: 8memory: 16.0 GB, system: darwin
description: This module build gurobi model for each uncertainty realization.
____________________
results:
cpu_time: 59.71
objective value: 210.19
Q_0: 13.00
____________________
sddp parameters:
sample numbers: [20, 20, 20, 20, 20, 20, 20, 20]
scenario_forward_num: 10
iter_num: 30
____________________
problem parameters:
ini_I: 0
T: 8
distribution: poisson
mean_demands: [10, 20, 10, 20, 10, 20, 10, 20]
unit_vari_costs: [1, 1, 1, 1, 1, 1, 1, 1]
unit_back_costs: [10, 10, 10, 10, 10, 10, 10, 10]
unit_hold_costs: [2, 2, 2, 2, 2, 2, 2, 2]


2025-02-25 00:01:58,381 - computer: Apple M1 Pro, cpu: 8memory: 16.0 GB, system: darwin
description: This module build gurobi model for each uncertainty realization.
____________________
results:
cpu_time: 58.97
objective value: 194.46
Q_0: 13.00
____________________
sddp parameters:
sample numbers: [20, 20, 20, 20, 20, 20, 20, 20]
scenario_forward_num: 10
iter_num: 30
____________________
problem parameters:
ini_I: 0
T: 8
distribution: poisson
mean_demands: [10, 20, 10, 20, 10, 20, 10, 20]
unit_vari_costs: [1, 1, 1, 1, 1, 1, 1, 1]
unit_back_costs: [10, 10, 10, 10, 10, 10, 10, 10]
unit_hold_costs: [2, 2, 2, 2, 2, 2, 2, 2]


2025-02-25 00:04:26,747 - computer: Apple M1 Pro, cpu: 8memory: 16.0 GB, system: darwin
description: This module build gurobi model for each uncertainty realization.
____________________
results:
cpu_time: 118.33
objective value: 219.54
Q_0: 14.00
____________________
sddp parameters:
sample numbers: [10, 10, 10, 10, 10, 10, 10, 10]
scenario_forward_num: 20
iter_num: 30
____________________
problem parameters:
ini_I: 0
T: 8
distribution: poisson
mean_demands: [10, 20, 10, 20, 10, 20, 10, 20]
unit_vari_costs: [1, 1, 1, 1, 1, 1, 1, 1]
unit_back_costs: [10, 10, 10, 10, 10, 10, 10, 10]
unit_hold_costs: [2, 2, 2, 2, 2, 2, 2, 2]


2025-02-25 10:17:22,258 - computer: Apple M1 Pro, cpu: 8memory: 16.0 GB, system: darwin
description: This module build gurobi model for each uncertainty realization.
____________________
results:
cpu_time: 14.76
objective value: 217.20
Q_0: 14.74
____________________
sddp parameters:
sample numbers: [10, 10, 10, 10, 10, 10, 10, 10]
scenario_forward_num: 20
iter_num: 15
____________________
problem parameters:
ini_I: 0
T: 8
distribution: poisson
mean_demands: [10, 20, 10, 20, 10, 20, 10, 20]
unit_vari_costs: [1, 1, 1, 1, 1, 1, 1, 1]
unit_back_costs: [10, 10, 10, 10, 10, 10, 10, 10]
unit_hold_costs: [2, 2, 2, 2, 2, 2, 2, 2]


2025-02-25 12:13:48,576 - computer: Apple M1 Pro, cpu: 8memory: 16.0 GB, system: darwin
description: This module build gurobi model for each uncertainty realization.
____________________
results:
cpu_time: 15.61
objective value: 209.65
Q_0: 12.04
____________________
sddp parameters:
sample numbers: [10, 10, 10, 10, 10, 10, 10, 10]
scenario_forward_num: 20
iter_num: 15
____________________
problem parameters:
ini_I: 0
T: 8
distribution: poisson
mean_demands: [10, 20, 10, 20, 10, 20, 10, 20]
unit_vari_costs: [1, 1, 1, 1, 1, 1, 1, 1]
unit_back_costs: [10, 10, 10, 10, 10, 10, 10, 10]
unit_hold_costs: [2, 2, 2, 2, 2, 2, 2, 2]


2025-02-25 12:14:44,876 - computer: Apple M1 Pro, cpu: 8memory: 16.0 GB, system: darwin
description: This module build gurobi model for each uncertainty realization.
____________________
results:
cpu_time: 15.53
objective value: 224.51
Q_0: 13.82
____________________
sddp parameters:
sample numbers: [10, 10, 10, 10, 10, 10, 10, 10]
scenario_forward_num: 20
iter_num: 15
____________________
problem parameters:
ini_I: 0
T: 8
distribution: poisson
mean_demands: [10, 20, 10, 20, 10, 20, 10, 20]
unit_vari_costs: [1, 1, 1, 1, 1, 1, 1, 1]
unit_back_costs: [10, 10, 10, 10, 10, 10, 10, 10]
unit_hold_costs: [2, 2, 2, 2, 2, 2, 2, 2]


2025-02-25 12:16:30,984 - computer: Apple M1 Pro, cpu: 8memory: 16.0 GB, system: darwin
description: This module build gurobi model for each uncertainty realization.
____________________
results:
cpu_time: 15.11
objective value: 203.97
Q_0: 13.06
____________________
sddp parameters:
sample numbers: [10, 10, 10, 10, 10, 10, 10, 10]
scenario_forward_num: 20
iter_num: 15
____________________
problem parameters:
ini_I: 0
T: 8
distribution: poisson
mean_demands: [10, 20, 10, 20, 10, 20, 10, 20]
unit_vari_costs: [1, 1, 1, 1, 1, 1, 1, 1]
unit_back_costs: [10, 10, 10, 10, 10, 10, 10, 10]
unit_hold_costs: [2, 2, 2, 2, 2, 2, 2, 2]


2025-02-25 18:03:19,132 - computer: Apple M1 Pro, cpu: 8memory: 16.0 GB, system: darwin
description: This module build gurobi model for each uncertainty realization.
____________________
results:
cpu_time: 15.24
objective value: 218.34
Q_0: 12.61
____________________
sddp parameters:
sample numbers: [10, 10, 10, 10, 10, 10, 10, 10]
scenario_forward_num: 20
iter_num: 15
____________________
problem parameters:
ini_I: 0
T: 8
distribution: poisson
mean_demands: [10, 20, 10, 20, 10, 20, 10, 20]
unit_vari_costs: [1, 1, 1, 1, 1, 1, 1, 1]
unit_back_costs: [10, 10, 10, 10, 10, 10, 10, 10]
unit_hold_costs: [2, 2, 2, 2, 2, 2, 2, 2]


2025-02-25 22:38:04,275 - computer: Apple M1 Pro, cpu: 8memory: 16.0 GB, system: darwin
description: This module build gurobi model for each uncertainty realization.
____________________
results:
cpu_time: 15.63
objective value: 210.81
Q_0: 16.19
____________________
sddp parameters:
sample numbers: [10, 10, 10, 10, 10, 10, 10, 10]
scenario_forward_num: 20
iter_num: 15
____________________
problem parameters:
ini_I: 0
T: 8
distribution: poisson
mean_demands: [10, 20, 10, 20, 10, 20, 10, 20]
unit_vari_costs: [1, 1, 1, 1, 1, 1, 1, 1]
unit_back_costs: [10, 10, 10, 10, 10, 10, 10, 10]
unit_hold_costs: [2, 2, 2, 2, 2, 2, 2, 2]


2025-02-25 22:43:38,156 - computer: Apple M1 Pro, cpu: 8memory: 16.0 GB, system: darwin
description: This module build gurobi model for each uncertainty realization.
____________________
results:
cpu_time: 68.44
objective value: 136.81
Q_0: 13.00
____________________
sddp parameters:
sample numbers: [10, 10, 10, 10, 10, 10, 10, 10]
scenario_forward_num: 20
iter_num: 25
____________________
problem parameters:
ini_I: 0
T: 8
distribution: poisson
mean_demands: [10, 20, 10, 20, 10, 20, 10, 20]
unit_vari_costs: [1, 1, 1, 1, 1, 1, 1, 1]
unit_back_costs: [10, 10, 10, 10, 10, 10, 10, 10]
unit_hold_costs: [2, 2, 2, 2, 2, 2, 2, 2]

revise q[t] to q[t+1]

2025-02-25 22:48:54,440 - computer: Apple M1 Pro, cpu: 8memory: 16.0 GB, system: darwin
description: This module build gurobi model for each uncertainty realization.
____________________
results:
cpu_time: 70.42
objective value: 208.50
Q_0: 14.00
____________________
sddp parameters:
sample numbers: [10, 10, 10, 10, 10, 10, 10, 10]
scenario_forward_num: 20
iter_num: 25
____________________
problem parameters:
ini_I: 0
T: 8
distribution: poisson
mean_demands: [10, 20, 10, 20, 10, 20, 10, 20]
unit_vari_costs: [1, 1, 1, 1, 1, 1, 1, 1]
unit_back_costs: [10, 10, 10, 10, 10, 10, 10, 10]
unit_hold_costs: [2, 2, 2, 2, 2, 2, 2, 2]


2025-02-25 22:52:34,267 - computer: Apple M1 Pro, cpu: 8memory: 16.0 GB, system: darwin
description: This module build gurobi model for each uncertainty realization.
____________________
results:
cpu_time: 118.56
objective value: 205.36
Q_0: 14.00
____________________
sddp parameters:
sample numbers: [10, 10, 10, 10, 10, 10, 10, 10]
scenario_forward_num: 20
iter_num: 30
____________________
problem parameters:
ini_I: 0
T: 8
distribution: poisson
mean_demands: [10, 20, 10, 20, 10, 20, 10, 20]
unit_vari_costs: [1, 1, 1, 1, 1, 1, 1, 1]
unit_back_costs: [10, 10, 10, 10, 10, 10, 10, 10]
unit_hold_costs: [2, 2, 2, 2, 2, 2, 2, 2]


2025-02-25 23:02:07,509 - computer: Apple M1 Pro, cpu: 8memory: 16.0 GB, system: darwin
description: This module build gurobi model for each uncertainty realization.
____________________
results:
cpu_time: 123.11
objective value: 211.20
Q_0: 13.00
____________________
sddp parameters:
sample numbers: [10, 10, 10, 10, 10, 10, 10, 10]
scenario_forward_num: 20
iter_num: 30
____________________
problem parameters:
ini_I: 0
T: 8
distribution: poisson
mean_demands: [10, 20, 10, 20, 10, 20, 10, 20]
unit_vari_costs: [1, 1, 1, 1, 1, 1, 1, 1]
unit_back_costs: [10, 10, 10, 10, 10, 10, 10, 10]
unit_hold_costs: [2, 2, 2, 2, 2, 2, 2, 2]


2025-02-25 23:04:57,598 - computer: Apple M1 Pro, cpu: 8memory: 16.0 GB, system: darwin
description: This module build gurobi model for each uncertainty realization.
____________________
results:
cpu_time: 162.43
objective value: 221.30
Q_0: 13.00
____________________
sddp parameters:
sample numbers: [10, 10, 10, 10, 10, 10, 10, 10]
scenario_forward_num: 30
iter_num: 25
____________________
problem parameters:
ini_I: 0
T: 8
distribution: poisson
mean_demands: [10, 20, 10, 20, 10, 20, 10, 20]
unit_vari_costs: [1, 1, 1, 1, 1, 1, 1, 1]
unit_back_costs: [10, 10, 10, 10, 10, 10, 10, 10]
unit_hold_costs: [2, 2, 2, 2, 2, 2, 2, 2]


2025-03-13 11:08:53,757 - computer: Apple M1 Pro, cpu: 8memory: 16.0 GB, system: darwin
description: This module build gurobi model for each uncertainty realization.
____________________
results:
cpu_time: 19.80
objective value: 194.15
Q_0: 13.00
____________________
sddp parameters:
sample numbers: [10, 10, 10, 10, 10, 10, 10, 10]
scenario_forward_num: 30
iter_num: 25
____________________
problem parameters:
ini_I: 0
T: 8
distribution: poisson
mean_demands: [10, 20, 10, 20, 10, 20, 10, 20]
unit_vari_costs: [1, 1, 1, 1, 1, 1, 1, 1]
unit_back_costs: [10, 10, 10, 10, 10, 10, 10, 10]
unit_hold_costs: [2, 2, 2, 2, 2, 2, 2, 2]


